[beholder-game.com/index.html]
[backblue.gif]
[fade.gif]
[index.html]
[static.tildacdn.com/tild3562-6332-4335-a533-626565633339/back_menu.jpg]
[static.tildacdn.com/tild3938-3036-4434-b165-323262323462/beholder_icon_152x15.png]
[static.tildacdn.com/tild3037-3165-4463-a438-393465376531/beholder_icon_270x27.png]
[static.tildacdn.com/css/tilda-grid-3.0.min.css]
[beholder-game.com/tilda-blocks-2.143238.css]
[static.tildacdn.com/css/tilda-animation-1.0.min.css]
[static.tildacdn.com/css/tilda-menusub-1.0.min.css]
[static.tildacdn.com/css/tilda-slds-1.4.min.css]
[static.tildacdn.com/css/tilda-zoom-2.0.min.css]
[static.tildacdn.com/css/tilda-popup-1.1.min.css]
[static.tildacdn.com/css/tilda-forms-1.0.min.css]
[beholder-game.com/custom3238.css]
[static.tildacdn.com/js/jquery-1.10.2.min.js]
[static.tildacdn.com/js/tilda-scripts-3.0.min.js]
[beholder-game.com/tilda-blocks-2.73238.js]
[static.tildacdn.com/js/tilda-animation-1.0.min.js]
[static.tildacdn.com/js/tilda-cover-1.0.min.js]
[static.tildacdn.com/js/tilda-events-1.0.min.js]
[static.tildacdn.com/js/tilda-menusub-1.0.min.js]
[static.tildacdn.com/js/tilda-slds-1.4.min.js]
[static.tildacdn.com/js/hammer.min.js]
[static.tildacdn.com/js/tilda-zoom-2.0.min.js]
[beholder-game.com/ru.html]
[beholder-game.com/cn.html]
[static.tildacdn.com/tild6365-6233-4239-a666-333339663763/Beholder2_logo_for_b.png]
[beholder-game.com/en/presskit.html]
[static.tildacdn.com/tild6333-6266-4135-b634-616230333166/back01.png]
[static.tildacdn.com/tild6564-3138-4861-b465-316536343563/back01.png]
[static.tildacdn.com/tild3033-3733-4566-a532-653831333832/beholder_logo_en.png]
[static.tildacdn.com/tild3133-3362-4364-a266-396637336632/rating_toucharcade.png]
[static.tildacdn.com/tild6337-3736-4362-a434-663130353232/rating_ign.png]
[static.tildacdn.com/tild3461-3463-4661-b864-363163623161/rating_eurogamer.png]
[static.tildacdn.com/tild3232-3363-4936-a664-336661383230/rating_the_escapist.png]
[static.tildacdn.com/tild3766-3538-4131-a230-383435393361/button_steam.png]
[static.tildacdn.com/tild3339-6135-4166-b736-366162373732/button_appstore.png]
[static.tildacdn.com/tild3635-6234-4662-b539-656232623232/button_google.png]
[static.tildacdn.com/tild6530-3634-4937-a665-346530316134/button_video_normal.png]
[static.tildacdn.com/tild3039-3664-4139-a335-303331383861/button_B3_EN.png]
[static.tildacdn.com/tild6130-6463-4933-b464-646165643331/youtube_screen.jpg]
[static.tildacdn.com/tild3332-3338-4263-a334-373866663330/yotube_screen_back.png]
[static.tildacdn.com/tild6237-6338-4931-b530-323362353162/portals_back.png]
[static.tildacdn.com/tild6432-6431-4139-b066-323764373534/pcgamer.png]
[static.tildacdn.com/tild6664-6630-4663-b062-393565613536/escapist.png]
[static.tildacdn.com/tild3636-6332-4266-b665-346635396566/gameskinny.png]
[static.tildacdn.com/tild3938-3462-4731-a531-356532633139/screenshot_01.png]
[static.tildacdn.com/tild3133-3139-4164-b237-373561393161/screenshot_02.png]
[static.tildacdn.com/tild3938-3936-4639-b032-353763336339/screenshot_03.png]
[static.tildacdn.com/tild3938-3664-4161-b964-393661343063/screenshot_04.png]
[static.tildacdn.com/tild3833-6631-4438-a330-363663626239/screenshot_05.png]
[static.tildacdn.com/tild3235-3731-4265-b762-613063616562/screenshot_06.png]
[static.tildacdn.com/tild6263-3562-4831-a133-623134646564/screenshot_07.png]
[static.tildacdn.com/tild6430-6265-4766-a561-336333616464/screenshot_08.png]
[static.tildacdn.com/tild3036-6361-4031-a562-616133303036/screenshot_09.png]
[static.tildacdn.com/tild3236-3965-4632-b363-393065373965/screenshot_10.png]
[static.tildacdn.com/tild3732-3662-4636-b662-623438336164/screenshot_01.png]
[static.tildacdn.com/tild3366-6638-4066-b462-626239323831/button_arrow_left_no.png]
[static.tildacdn.com/tild6437-3637-4431-b138-393865663739/button_arrow_right_n.png]
[static.tildacdn.com/tild6436-3932-4261-a365-356666666237/devgamm_01.png]
[static.tildacdn.com/tild6339-3530-4034-b663-613732376532/ign.png]
[static.tildacdn.com/tild3134-3034-4037-b635-393232376131/devgamm_02.png]
[static.tildacdn.com/tild6561-3361-4531-a262-623531373230/gdc.png]
[static.tildacdn.com/tild3362-3335-4336-a235-343830633739/gc_02.png]
[static.tildacdn.com/tild6361-3166-4565-a138-646634383335/gc_01.png]
[static.tildacdn.com/tild3663-6166-4438-a636-313031386365/gdwc.png]
[static.tildacdn.com/tild3338-6364-4761-b930-616536393262/temp_line.png]
[static.tildacdn.com/tild3763-6137-4964-b931-366131386162/solid_bottom_1920x14.jpg]
[static.tildacdn.com/tild3865-3932-4861-b339-353638656632/AlawarPremium_Logo_w.png]
[static.tildacdn.com/tild6564-3738-4962-b563-613561326665/back02.jpg]
[beholder-game.com/index.html]
[static.tildacdn.com/css/tilda-grid-3.0.min.css]
[beholder-game.com/tilda-blocks-2.143238.css]
[static.tildacdn.com/css/tilda-animation-1.0.min.css]
[static.tildacdn.com/css/tilda-menusub-1.0.min.css]
[static.tildacdn.com/css/tilda-slds-1.4.min.css]
[static.tildacdn.com/css/tilda-zoom-2.0.min.css]
[static.tildacdn.com/css/tilda-popup-1.1.min.css]
[static.tildacdn.com/css/tilda-forms-1.0.min.css]
[beholder-game.com/custom3238.css]
[static.tildacdn.com/js/tilda-stat-1.0.min.js]
[beholder-game.com/tilda-blocks-2.1414fc.css]
[beholder-game.com/custom14fc.css]
[beholder-game.com/tilda-blocks-2.714fc.js]
[beholder-game.com/ru/presskit.html]
[static.tildacdn.com/tild6538-3762-4364-a166-396563306430/beholder_logo_ru.png]
[static.tildacdn.com/tild3465-3165-4265-b533-313732373530/button_B3_EN.png]
[static.tildacdn.com/tild3035-3836-4630-b131-666166336661/ign.png]
[static.tildacdn.com/tild3435-3335-4663-b965-383765336466/riotpixels.png]
[static.tildacdn.com/tild3633-3962-4930-a665-663861623466/vgtimes.png]
[static.tildacdn.com/tild3938-3132-4762-b636-393234303239/AlawarPremium_Logo_w.png]
[beholder-game.com/ru.html]
[beholder-game.com/tilda-blocks-2.14f24b.css]
[beholder-game.com/customf24b.css]
[beholder-game.com/tilda-blocks-2.7f24b.js]
[beholder-game.com/cn/presskit.html]
[static.tildacdn.com/tild3336-3666-4531-a430-376339333939/beholder_logo_ch.png]
[static.tildacdn.com/tild3266-6265-4334-b536-633864396135/button_taptap.png]
[static.tildacdn.com/tild3839-3733-4262-b564-313435373861/button_B3_EN.png]
[static.tildacdn.com/tild6537-3238-4662-b836-643162663530/gamecores.png]
[static.tildacdn.com/tild3131-3461-4363-b131-623736323535/gamersky.png]
[static.tildacdn.com/tild3031-6531-4838-a635-383238333861/sspai.png]
[static.tildacdn.com/tild6465-3161-4338-b963-373132313337/AlawarPremium_Logo_w.png]
[beholder-game.com/cn.html]
[www.googletagmanager.com/gtm5445.html]
[static.tildacdn.com/tild6563-3932-4163-a561-646464376466/en_press.png]
[ws.tildacdn.com/project451407/tilda-blocks-2.122a4b.css]
[tilda.ws/project451407/custom2a4b.css]
[static.tildacdn.com/js/tilda-scripts-2.8.min.js]
[static.tildacdn.com/tild6162-6536-4364-a336-616164346532/logo_en.png]
[ws.tildacdn.com/project451407/tilda-blocks-2.72a4b.js]
[static.tildacdn.com/tild3233-3462-4765-b531-376562656133/ru_normal.png]
[beholder-game.com/de/presskit.html]
[static.tildacdn.com/tild6330-6337-4961-b733-623531366630/de_normal.png]
[beholder-game.com/fr/presskit.html]
[static.tildacdn.com/tild3134-6565-4461-b438-323663316265/fr_normal.png]
[static.tildacdn.com/tild3562-6639-4534-a264-666433616562/cn_normal.png]
[beholder-game.com/ja/presskit.html]
[static.tildacdn.com/tild6233-3934-4465-a335-386361346464/ja_normal.png]
[beholder-game.com/nl/presskit.html]
[static.tildacdn.com/tild3238-3563-4465-a539-396234626637/nl_normal.png]
[beholder-game.com/it/presskit.html]
[static.tildacdn.com/tild3632-3561-4664-b535-633064356666/it_normal.png]
[beholder-game.com/es/presskit.html]
[static.tildacdn.com/tild3163-3736-4436-a130-666537313164/es_normal.png]
[beholder-game.com/pt/presskit.html]
[static.tildacdn.com/tild6135-3962-4733-a231-346232643736/pt_normal.png]
[beholder-game.com/tw/presskit.html]
[static.tildacdn.com/tild6634-3237-4637-a531-393134356562/tw_normal.png]
[beholder-game.com/pl/presskit.html]
[static.tildacdn.com/tild6538-6334-4363-a638-316632663239/pl_normal.png]
[static.tildacdn.com/tild6666-6338-4365-b333-373737343465/awards.jpg]
[static.tildacdn.com/tild3230-3136-4532-b035-353731633938/ball.gif]
[static.tildacdn.com/tild6565-3630-4532-a664-663733396564/spy.gif]
[static.tildacdn.com/tild3737-3236-4061-b239-396233303966/punish.gif]
[static.tildacdn.com/tild3638-3931-4663-a239-653563656236/hero.jpg]
[static.tildacdn.com/tild3630-3764-4931-b363-313239376237/house_inside.png]
[static.tildacdn.com/tild3336-3032-4437-a564-343236363961/tutor.jpg]
[static.tildacdn.com/tild6566-3234-4132-a331-376430646231/profile.jpg]
[static.tildacdn.com/tild3662-3862-4561-b366-346265343430/family.jpg]
[static.tildacdn.com/tild6633-6537-4436-a631-626436633366/tasks.jpg]
[static.tildacdn.com/tild6665-3732-4938-b131-363065383236/splash2.png]
[static.tildacdn.com/tild3938-3732-4333-b033-336164363336/splash.png]
[static.tildacdn.com/tild6630-6463-4237-a563-373763653964/mail.png]
[static.tildacdn.com/tild6566-3539-4463-b036-663665343062/steam.png]
[static.tildacdn.com/tild3361-6638-4763-b535-316564363366/ios.png]
[static.tildacdn.com/tild6433-6461-4630-a565-343531333937/android.png]
[static.tildacdn.com/tild3131-3838-4639-a634-316137356361/amazon.png]
[static.tildacdn.com/tild3266-3564-4131-b733-656533346164/link.png]
[static.tildacdn.com/tild3036-6636-4333-b766-653365393165/fb.png]
[static.tildacdn.com/tild6263-3663-4931-b335-346266396466/twitter.png]
[static.tildacdn.com/tild3362-3935-4633-b761-643438316239/youtube.png]
[beholder-game.com/en/presskit.html]
[beholder-game.com/tilda-blocks-2.1414fc.css]
[beholder-game.com/custom14fc.css]
[static.tildacdn.com/tild3730-3335-4130-b633-306230326563/ru_press.png]
[ws.tildacdn.com/project451407/tilda-blocks-2.12ba40.css]
[tilda.ws/project451407/customba40.css]
[ws.tildacdn.com/project451407/tilda-blocks-2.7ba40.js]
[static.tildacdn.com/tild3035-3130-4439-b039-643639386236/logo_ru.png]
[static.tildacdn.com/tild3964-3739-4862-b433-626133363363/en_normal.png]
[static.tildacdn.com/tild3465-6562-4338-a539-363937613332/ru_press.png]
[static.tildacdn.com/tild3761-3362-4364-b133-346537326465/vk.png]
[beholder-game.com/ru/presskit.html]
[beholder-game.com/tilda-blocks-2.14f24b.css]
[beholder-game.com/customf24b.css]
[static.tildacdn.com/tild6237-3964-4632-a266-633838333631/cn_press.png]
[ws.tildacdn.com/project451407/tilda-blocks-2.12bc1e.css]
[tilda.ws/project451407/custombc1e.css]
[ws.tildacdn.com/project451407/tilda-blocks-2.7bc1e.js]
[static.tildacdn.com/tild6234-3762-4461-b533-623637383531/logo_cn.png]
[static.tildacdn.com/tild6466-6239-4363-b535-363363313539/ru_normal.png]
[static.tildacdn.com/tild3331-3634-4565-b961-383634383063/de_normal.png]
[static.tildacdn.com/tild3066-6561-4532-b739-306336616565/fr_normal.png]
[static.tildacdn.com/tild3963-6334-4136-b633-373839616132/cn_press.png]
[static.tildacdn.com/tild6538-3861-4434-b236-346135383835/taptap.png]
[beholder-game.com/cn/presskit.html]
[static.tildacdn.com/img/b-share_counter_large_white.png]
[static.tildacdn.com/img/aboutSliderControls.png]
[static.tildacdn.com/img/aboutSliderControls_white.png]
[ws.tildacdn.com/project451407/tilda-blocks-2.122a4b.css]
[tilda.ws/project451407/custom2a4b.css]
[static.tildacdn.com/tild6233-6534-4264-b432-353966333561/en_press.png]
[static.tildacdn.com/tild3336-3736-4930-a362-373938653938/de_press.png]
[ws.tildacdn.com/project451407/tilda-blocks-2.128bc2.css]
[tilda.ws/project451407/custom8bc2.css]
[static.tildacdn.com/tild6165-6135-4531-a539-393031313937/logo_de.png]
[ws.tildacdn.com/project451407/tilda-blocks-2.78bc2.js]
[static.tildacdn.com/tild6137-3832-4461-b037-386633396235/de_press.png]
[beholder-game.com/de/presskit.html]
[static.tildacdn.com/tild3161-3939-4231-b265-323536666233/fr_press.png]
[ws.tildacdn.com/project451407/tilda-blocks-2.12a698.css]
[tilda.ws/project451407/customa698.css]
[ws.tildacdn.com/project451407/tilda-blocks-2.7a698.js]
[static.tildacdn.com/tild3231-3862-4435-b038-616337633036/logo_fr.png]
[static.tildacdn.com/tild6566-6631-4236-b331-313062373962/fr_press.png]
[beholder-game.com/fr/presskit.html]
[stat.tildacdn.com/js/tildastat-0.2.min.js]
[static.tildacdn.com/tild3536-3333-4038-a531-646531366432/ja_press.png]
[ws.tildacdn.com/project451407/tilda-blocks-2.125fa3.css]
[tilda.ws/project451407/custom5fa3.css]
[ws.tildacdn.com/project451407/tilda-blocks-2.75fa3.js]
[static.tildacdn.com/tild6637-6564-4133-b635-336562633962/logo_ja.png]
[static.tildacdn.com/tild6230-3939-4535-b435-616432366138/en_normal.png]
[static.tildacdn.com/tild3231-3564-4939-a139-346239363261/ja_press.png]
[beholder-game.com/ja/presskit.html]
[static.tildacdn.com/tild6361-3363-4630-b332-663835323337/nl_press.png]
[ws.tildacdn.com/project451407/tilda-blocks-2.12e1da.css]
[tilda.ws/project451407/custome1da.css]
[static.tildacdn.com/tild3861-6664-4233-a139-383130653537/logo_nl.png]
[ws.tildacdn.com/project451407/tilda-blocks-2.7e1da.js]
[static.tildacdn.com/tild6530-6137-4130-a432-633331646631/ja_normal.png]
[static.tildacdn.com/tild3266-3739-4230-b037-626634376163/nl_press.png]
[beholder-game.com/nl/presskit.html]
[static.tildacdn.com/tild3236-3866-4963-b237-323533333865/it_press.png]
[ws.tildacdn.com/project451407/tilda-blocks-2.120a7c.css]
[tilda.ws/project451407/custom0a7c.css]
[ws.tildacdn.com/project451407/tilda-blocks-2.70a7c.js]
[static.tildacdn.com/tild3437-3037-4331-b263-313465336339/logo_it.png]
[static.tildacdn.com/tild6430-3465-4364-a666-343437383963/nl_normal.png]
[static.tildacdn.com/tild3864-6538-4138-a663-313762653838/it_press.png]
[beholder-game.com/it/presskit.html]
[static.tildacdn.com/tild3336-3633-4230-a534-656634663163/es_press.png]
[ws.tildacdn.com/project451407/tilda-blocks-2.127be7.css]
[tilda.ws/project451407/custom7be7.css]
[static.tildacdn.com/tild3731-6363-4864-b038-353331623961/logo_es.png]
[ws.tildacdn.com/project451407/tilda-blocks-2.77be7.js]
[static.tildacdn.com/tild3464-3036-4433-a163-323331346530/it_normal.png]
[static.tildacdn.com/tild3630-3232-4366-b163-333337633635/es_press.png]
[beholder-game.com/es/presskit.html]
[static.tildacdn.com/tild3834-6565-4338-a639-643237616338/pt_press.png]
[ws.tildacdn.com/project451407/tilda-blocks-2.12fea6.css]
[tilda.ws/project451407/customfea6.css]
[ws.tildacdn.com/project451407/tilda-blocks-2.7fea6.js]
[static.tildacdn.com/tild6662-6238-4331-a132-616135353333/logo_pt.png]
[static.tildacdn.com/tild3433-3931-4365-b430-383137326135/es_normal.png]
[static.tildacdn.com/tild3064-6562-4337-a532-643833356138/pt_press.png]
[beholder-game.com/pt/presskit.html]
[static.tildacdn.com/tild3161-3235-4863-b431-626438363732/tw_press.png]
[ws.tildacdn.com/project451407/tilda-blocks-2.12f349.css]
[tilda.ws/project451407/customf349.css]
[ws.tildacdn.com/project451407/tilda-blocks-2.7f349.js]
[static.tildacdn.com/tild6361-3138-4133-a563-393263616532/logo_tw.png]
[static.tildacdn.com/tild3034-3431-4166-b732-336561633333/pt_normal.png]
[static.tildacdn.com/tild3933-6364-4335-a530-383866333836/tw_press.png]
[beholder-game.com/tw/presskit.html]
[static.tildacdn.com/tild3663-3537-4639-b261-363736383238/pl_press.png]
[ws.tildacdn.com/project451407/tilda-blocks-2.126c19.css]
[tilda.ws/project451407/custom6c19.css]
[ws.tildacdn.com/project451407/tilda-blocks-2.76c19.js]
[static.tildacdn.com/tild6565-3339-4636-b461-313966666630/logo_pl.png]
[static.tildacdn.com/tild3965-3638-4831-a633-306161656538/tw_normal.png]
[static.tildacdn.com/tild3464-3264-4336-a163-386338393333/pl_press.png]
[beholder-game.com/pl/presskit.html]
[ws.tildacdn.com/project451407/tilda-blocks-2.12ba40.css]
[tilda.ws/project451407/customba40.css]
[ws.tildacdn.com/project451407/tilda-blocks-2.12bc1e.css]
[tilda.ws/project451407/custombc1e.css]
[ws.tildacdn.com/project451407/tilda-blocks-2.128bc2.css]
[tilda.ws/project451407/custom8bc2.css]
[ws.tildacdn.com/project451407/tilda-blocks-2.12a698.css]
[tilda.ws/project451407/customa698.css]
[ws.tildacdn.com/project451407/tilda-blocks-2.125fa3.css]
[tilda.ws/project451407/custom5fa3.css]
[ws.tildacdn.com/project451407/tilda-blocks-2.12e1da.css]
[tilda.ws/project451407/custome1da.css]
[ws.tildacdn.com/project451407/tilda-blocks-2.120a7c.css]
[tilda.ws/project451407/custom0a7c.css]
[ws.tildacdn.com/project451407/tilda-blocks-2.127be7.css]
[tilda.ws/project451407/custom7be7.css]
[ws.tildacdn.com/project451407/tilda-blocks-2.12fea6.css]
[tilda.ws/project451407/customfea6.css]
[ws.tildacdn.com/project451407/tilda-blocks-2.12f349.css]
[tilda.ws/project451407/customf349.css]
[ws.tildacdn.com/project451407/tilda-blocks-2.126c19.css]
[tilda.ws/project451407/custom6c19.css]
